<?xml version="1.0" encoding="UTF-8"?>
<coverage generated="1683682262243" clover="3.2.0">
  <project timestamp="1683682262243" name="All files">
    <metrics statements="11" coveredstatements="11" conditionals="4" coveredconditionals="2" methods="3" coveredmethods="3" elements="18" coveredelements="16" complexity="0" loc="11" ncloc="11" packages="1" files="2" classes="2"/>
    <file name="add.js" path="C:\Users\LENOVO T460\microverse\js_module\todo-list\src\module\add.js">
      <metrics statements="5" coveredstatements="5" conditionals="2" coveredconditionals="1" methods="1" coveredmethods="1"/>
      <line num="1" count="1" type="stmt"/>
      <line num="2" count="1" type="cond" truecount="1" falsecount="1"/>
      <line num="3" count="1" type="stmt"/>
      <line num="4" count="1" type="stmt"/>
      <line num="5" count="1" type="stmt"/>
    </file>
    <file name="remove.js" path="C:\Users\LENOVO T460\microverse\js_module\todo-list\src\module\remove.js">
      <metrics statements="6" coveredstatements="6" conditionals="2" coveredconditionals="1" methods="2" coveredmethods="2"/>
      <line num="1" count="1" type="stmt"/>
      <line num="2" count="1" type="cond" truecount="1" falsecount="1"/>
      <line num="3" count="3" type="stmt"/>
      <line num="4" count="2" type="stmt"/>
      <line num="5" count="1" type="stmt"/>
      <line num="6" count="1" type="stmt"/>
    </file>
  </project>
</coverage>
