{"C:\\Users\\LENOVO T460\\microverse\\js_module\\todo-list\\src\\module\\add.js": {"path":"C:\\Users\\LENOVO T460\\microverse\\js_module\\todo-list\\src\\module\\add.js","statementMap":{"0":{"start":{"line":1,"column":15},"end":{"line":6,"column":1}},"1":{"start":{"line":2,"column":15},"end":{"line":2,"column":48}},"2":{"start":{"line":3,"column":2},"end":{"line":3,"column":80}},"3":{"start":{"line":4,"column":2},"end":{"line":4,"column":53}},"4":{"start":{"line":5,"column":2},"end":{"line":5,"column":20}}},"fnMap":{"0":{"name":"(anonymous_0)","decl":{"start":{"line":1,"column":15},"end":{"line":1,"column":16}},"loc":{"start":{"line":1,"column":57},"end":{"line":6,"column":1}},"line":1}},"branchMap":{"0":{"loc":{"start":{"line":2,"column":15},"end":{"line":2,"column":48}},"type":"cond-expr","locations":[{"start":{"line":2,"column":28},"end":{"line":2,"column":43}},{"start":{"line":2,"column":46},"end":{"line":2,"column":48}}],"line":2}},"s":{"0":1,"1":1,"2":1,"3":1,"4":1},"f":{"0":1},"b":{"0":[0,1]},"_coverageSchema":"1a1c01bbd47fc00a2c39e90264f33305004495a9","hash":"91a11ff9e954fdd4c9c954846eeb2ce61cd7041d"}
,"C:\\Users\\LENOVO T460\\microverse\\js_module\\todo-list\\src\\module\\remove.js": {"path":"C:\\Users\\LENOVO T460\\microverse\\js_module\\todo-list\\src\\module\\remove.js","statementMap":{"0":{"start":{"line":1,"column":19},"end":{"line":7,"column":1}},"1":{"start":{"line":2,"column":15},"end":{"line":2,"column":48}},"2":{"start":{"line":3,"column":25},"end":{"line":3,"column":67}},"3":{"start":{"line":3,"column":47},"end":{"line":3,"column":66}},"4":{"start":{"line":4,"column":2},"end":{"line":4,"column":81}},"5":{"start":{"line":4,"column":15},"end":{"line":4,"column":16}},"6":{"start":{"line":4,"column":53},"end":{"line":4,"column":81}},"7":{"start":{"line":5,"column":2},"end":{"line":5,"column":63}},"8":{"start":{"line":6,"column":2},"end":{"line":6,"column":30}}},"fnMap":{"0":{"name":"(anonymous_0)","decl":{"start":{"line":1,"column":19},"end":{"line":1,"column":20}},"loc":{"start":{"line":1,"column":54},"end":{"line":7,"column":1}},"line":1},"1":{"name":"(anonymous_1)","decl":{"start":{"line":3,"column":37},"end":{"line":3,"column":38}},"loc":{"start":{"line":3,"column":47},"end":{"line":3,"column":66}},"line":3}},"branchMap":{"0":{"loc":{"start":{"line":2,"column":15},"end":{"line":2,"column":48}},"type":"cond-expr","locations":[{"start":{"line":2,"column":28},"end":{"line":2,"column":43}},{"start":{"line":2,"column":46},"end":{"line":2,"column":48}}],"line":2}},"s":{"0":1,"1":1,"2":1,"3":3,"4":1,"5":1,"6":2,"7":1,"8":1},"f":{"0":1,"1":3},"b":{"0":[1,0]},"_coverageSchema":"1a1c01bbd47fc00a2c39e90264f33305004495a9","hash":"d468e8c5423d940391cd2759b2192b00be60e2ad"}
}
